\begin{tabular}{|r|r|r|r|r|}
\hline
\bfseries Studies
 & \bfseries \thead{miR-486-5p \\ C: miR-16}
 & \bfseries \thead{miR-486-5p \\ C: miR-93}
 & \bfseries \thead{miR-451a \\ C: miR-16}
 & \bfseries \thead{miR-451a \\ C: miR-93}
\\ \hline
\citet{Asakura2020} & 
-36.403\% & 143.096\% & 232.049\% & 1169.239\%
\\ 
\citet{Boeri2011} & 
-35.767\% & 162.134\% & 19.454\% & 387.492\%
\\ 
\citet{Chen2019} & 
-15.134\% & 38.145\% & 99.049\% & 224.012\%
\\ 
\citet{Duan2021} & 
-75.000\% & -108.333\% & 300.000\% & -233.333\%
\\ 
\citet{Fehlmann2020} & 
-136.022\% & -139.201\% & -107.105\% & -107.732\%
\\ 
\citet{Halvorsen2016} & 
-1096.492\% &  &  & 
\\ 
\citet{Jin2017} & 
490.574\% & -266.217\% & 681.561\% & -319.970\%
\\ 
\citet{Keller2009} & 
-62.340\% & 3.987\% & 16.361\% & 221.294\%
\\ 
\citet{Keller2014} & 
-121.880\% & -110.952\% & -40.278\% & -70.108\%
\\ 
\citet{Keller2020} & 
-4587.592\% &  & -8524.127\% & 
\\ 
\citet{Leidinger2011} & 
-218.204\% & -63.009\% & -83.217\% & -105.252\%
\\ 
\citet{Leidinger2014} & 
413.936\% & -1103.786\% & 823.077\% & -1902.894\%
\\ 
\citet{Leidinger2016} & 
 &  &  & -32.045\%
\\ 
\citet{Nigita2018} & 
 &  &  & -188.699\%
\\ 
\citet{Patnaik2012} & 
-89.745\% & -90.109\% & -52.739\% & -54.417\%
\\ 
\citet{Patnaik2017} & 
-238.871\% & -109.828\% & -1638.338\% & -208.875\%
\\ 
\citet{Qu2017} & 
-128.963\% & -121.686\% & -85.323\% & -89.010\%
\\ 
\citet{Reis2020} & 
 &  & 25.021\% & 312.228\%
\\ 
\citet{Wozniak2015} & 
 & -286.667\% &  & 33.333\%
\\ 
\citet{Zaporozhchenko2018} & 
-98.858\% & -98.623\% & 19.444\% & 43.960\%
\\ 
\hline \end{tabular}
