\resizebox{\textwidth}{!}{
\begin{tabular}{r|r|r|r|r|r|r|r|r|r|r|r|r|r|r|r|r|r|r|r|r|r|r|r|r|r} & 
\multicolumn{1}{c}{\rotatebox{90}{\citet{Abdollahi2019}}} & \multicolumn{1}{c}{\rotatebox{90}{\citet{Bianchi2011}}} & \multicolumn{1}{c}{\rotatebox{90}{\citet{Boeri2011}}} & \multicolumn{1}{c}{\rotatebox{90}{\citet{Chen2019}}} & \multicolumn{1}{c}{\rotatebox{90}{\citet{Duan2021}}} & \multicolumn{1}{c}{\rotatebox{90}{\citet{Fehlmann2020}}} & \multicolumn{1}{c}{\rotatebox{90}{\citet{Halvorsen2016}}} & \multicolumn{1}{c}{\rotatebox{90}{\citet{Jin2017}}} & \multicolumn{1}{c}{\rotatebox{90}{\citet{Keller2009}}} & \multicolumn{1}{c}{\rotatebox{90}{\citet{Keller2014}}} & \multicolumn{1}{c}{\rotatebox{90}{\citet{Keller2020}}} & \multicolumn{1}{c}{\rotatebox{90}{\citet{Leidinger2011}}} & \multicolumn{1}{c}{\rotatebox{90}{\citet{Leidinger2014}}} & \multicolumn{1}{c}{\rotatebox{90}{\citet{Leidinger2016}}} & \multicolumn{1}{c}{\rotatebox{90}{\citet{Li2017}}} & \multicolumn{1}{c}{\rotatebox{90}{\citet{Marzi2016}}} & \multicolumn{1}{c}{\rotatebox{90}{\citet{Nigita2018}}} & \multicolumn{1}{c}{\rotatebox{90}{\citet{Patnaik2012}}} & \multicolumn{1}{c}{\rotatebox{90}{\citet{Patnaik2017}}} & \multicolumn{1}{c}{\rotatebox{90}{\citet{Qu2017}}} & \multicolumn{1}{c}{\rotatebox{90}{\citet{Reis2020}}} & \multicolumn{1}{c}{\rotatebox{90}{\citet{Wozniak2015}}} & \multicolumn{1}{c}{\rotatebox{90}{\citet{Yao2019}}} & \multicolumn{1}{c}{\rotatebox{90}{\citet{Zaporozhchenko2018}}} & \multicolumn{1}{c}{\rotatebox{90}{Case status}}
\\\hline
\citet{Abdollahi2019} & 
\cellcolor{caribbeangreen} $1.00$ & $-0.02$ & \cellcolor{caribbeangreen} $0.18$ & $-0.06$ & \cellcolor{candypink} $-0.35$ & \cellcolor{caribbeangreen} $0.13$ & \cellcolor{candypink} $-0.16$ & $0.04$ & \cellcolor{caribbeangreen} $0.09$ & \cellcolor{candypink} $-0.19$ & \cellcolor{candypink} $-0.07$ & \cellcolor{candypink} $-0.18$ & \cellcolor{candypink} $-0.14$ & $-0.02$ & \cellcolor{candypink} $-0.31$ & \cellcolor{candypink} $-0.08$ & $0.01$ & $0.05$ & \cellcolor{caribbeangreen} $0.25$ & \cellcolor{candypink} $-0.15$ & \cellcolor{caribbeangreen} $0.38$ & \cellcolor{caribbeangreen} $0.23$ & \cellcolor{candypink} $-0.07$ & \cellcolor{caribbeangreen} $0.11$ & \cellcolor{caribbeangreen} $0.17$
\\
\citet{Bianchi2011} & 
$-0.02$ & \cellcolor{caribbeangreen} $1.00$ & \cellcolor{caribbeangreen} $0.07$ & $0.06$ & \cellcolor{caribbeangreen} $0.19$ & \cellcolor{candypink} $-0.13$ & \cellcolor{candypink} $-0.11$ & $0.02$ & \cellcolor{candypink} $-0.26$ & $-0.02$ & $-0.02$ & \cellcolor{caribbeangreen} $0.13$ & \cellcolor{caribbeangreen} $0.14$ & \cellcolor{candypink} $-0.07$ & \cellcolor{caribbeangreen} $0.12$ & \cellcolor{caribbeangreen} $0.28$ & \cellcolor{candypink} $-0.11$ & $0.01$ & \cellcolor{candypink} $-0.14$ & \cellcolor{candypink} $-0.23$ & \cellcolor{candypink} $-0.12$ & $-0.00$ & $0.05$ & \cellcolor{candypink} $-0.12$ & \cellcolor{candypink} $-0.18$
\\
\citet{Boeri2011} & 
\cellcolor{caribbeangreen} $0.18$ & \cellcolor{caribbeangreen} $0.07$ & \cellcolor{caribbeangreen} $1.00$ & \cellcolor{candypink} $-0.11$ & \cellcolor{candypink} $-0.25$ & $0.03$ & $-0.04$ & \cellcolor{caribbeangreen} $0.17$ & \cellcolor{candypink} $-0.07$ & \cellcolor{candypink} $-0.21$ & \cellcolor{candypink} $-0.11$ & \cellcolor{candypink} $-0.24$ & \cellcolor{candypink} $-0.10$ & $-0.06$ & \cellcolor{candypink} $-0.17$ & \cellcolor{caribbeangreen} $0.09$ & \cellcolor{candypink} $-0.13$ & \cellcolor{candypink} $-0.07$ & \cellcolor{caribbeangreen} $0.16$ & \cellcolor{candypink} $-0.20$ & \cellcolor{caribbeangreen} $0.22$ & \cellcolor{caribbeangreen} $0.23$ & \cellcolor{candypink} $-0.12$ & \cellcolor{caribbeangreen} $0.20$ & $0.04$
\\
\citet{Chen2019} & 
$-0.06$ & $0.06$ & \cellcolor{candypink} $-0.11$ & \cellcolor{caribbeangreen} $1.00$ & \cellcolor{caribbeangreen} $0.34$ & \cellcolor{candypink} $-0.17$ & $-0.05$ & \cellcolor{candypink} $-0.09$ & $-0.03$ & \cellcolor{caribbeangreen} $0.15$ & $-0.01$ & \cellcolor{caribbeangreen} $0.24$ & \cellcolor{caribbeangreen} $0.21$ & $0.06$ & \cellcolor{caribbeangreen} $0.21$ & \cellcolor{caribbeangreen} $0.08$ & $0.01$ & $0.02$ & \cellcolor{candypink} $-0.31$ & $-0.04$ & \cellcolor{candypink} $-0.29$ & \cellcolor{candypink} $-0.21$ & $0.05$ & \cellcolor{candypink} $-0.20$ & \cellcolor{candypink} $-0.22$
\\
\citet{Duan2021} & 
\cellcolor{candypink} $-0.35$ & \cellcolor{caribbeangreen} $0.19$ & \cellcolor{candypink} $-0.25$ & \cellcolor{caribbeangreen} $0.34$ & \cellcolor{caribbeangreen} $1.00$ & \cellcolor{candypink} $-0.28$ & \cellcolor{caribbeangreen} $0.10$ & \cellcolor{candypink} $-0.16$ & \cellcolor{candypink} $-0.22$ & \cellcolor{caribbeangreen} $0.35$ & $0.04$ & \cellcolor{caribbeangreen} $0.53$ & \cellcolor{caribbeangreen} $0.45$ & $0.01$ & \cellcolor{caribbeangreen} $0.63$ & \cellcolor{caribbeangreen} $0.24$ & $0.01$ & \cellcolor{candypink} $-0.08$ & \cellcolor{candypink} $-0.67$ & $0.05$ & \cellcolor{candypink} $-0.83$ & \cellcolor{candypink} $-0.45$ & \cellcolor{caribbeangreen} $0.10$ & \cellcolor{candypink} $-0.32$ & \cellcolor{candypink} $-0.55$
\\
\citet{Fehlmann2020} & 
\cellcolor{caribbeangreen} $0.13$ & \cellcolor{candypink} $-0.13$ & $0.03$ & \cellcolor{candypink} $-0.17$ & \cellcolor{candypink} $-0.28$ & \cellcolor{caribbeangreen} $1.00$ & \cellcolor{candypink} $-0.07$ & $0.00$ & \cellcolor{caribbeangreen} $0.08$ & \cellcolor{candypink} $-0.25$ & $0.04$ & \cellcolor{candypink} $-0.28$ & \cellcolor{candypink} $-0.23$ & \cellcolor{candypink} $-0.13$ & \cellcolor{candypink} $-0.27$ & \cellcolor{candypink} $-0.28$ & \cellcolor{caribbeangreen} $0.17$ & $-0.01$ & \cellcolor{caribbeangreen} $0.28$ & \cellcolor{caribbeangreen} $0.15$ & \cellcolor{caribbeangreen} $0.33$ & \cellcolor{caribbeangreen} $0.21$ & \cellcolor{candypink} $-0.08$ & \cellcolor{caribbeangreen} $0.09$ & \cellcolor{caribbeangreen} $0.41$
\\
\citet{Halvorsen2016} & 
\cellcolor{candypink} $-0.16$ & \cellcolor{candypink} $-0.11$ & $-0.04$ & $-0.05$ & \cellcolor{caribbeangreen} $0.10$ & \cellcolor{candypink} $-0.07$ & \cellcolor{caribbeangreen} $1.00$ & $0.01$ & $0.00$ & $0.02$ & $-0.06$ & $-0.04$ & $-0.01$ & $-0.04$ & \cellcolor{caribbeangreen} $0.20$ & \cellcolor{caribbeangreen} $0.12$ & $-0.04$ & $-0.05$ & \cellcolor{candypink} $-0.10$ & \cellcolor{caribbeangreen} $0.25$ & \cellcolor{candypink} $-0.21$ & \cellcolor{candypink} $-0.16$ & $-0.06$ & \cellcolor{caribbeangreen} $0.10$ & \cellcolor{candypink} $-0.07$
\\
\citet{Jin2017} & 
$0.04$ & $0.02$ & \cellcolor{caribbeangreen} $0.17$ & \cellcolor{candypink} $-0.09$ & \cellcolor{candypink} $-0.16$ & $0.00$ & $0.01$ & \cellcolor{caribbeangreen} $1.00$ & \cellcolor{candypink} $-0.12$ & \cellcolor{candypink} $-0.10$ & \cellcolor{candypink} $-0.10$ & \cellcolor{candypink} $-0.14$ & $-0.03$ & \cellcolor{candypink} $-0.11$ & \cellcolor{candypink} $-0.12$ & $-0.00$ & $0.01$ & \cellcolor{candypink} $-0.11$ & \cellcolor{caribbeangreen} $0.12$ & \cellcolor{candypink} $-0.21$ & \cellcolor{caribbeangreen} $0.13$ & \cellcolor{caribbeangreen} $0.15$ & $-0.02$ & \cellcolor{caribbeangreen} $0.13$ & $-0.02$
\\
\citet{Keller2009} & 
\cellcolor{caribbeangreen} $0.09$ & \cellcolor{candypink} $-0.26$ & \cellcolor{candypink} $-0.07$ & $-0.03$ & \cellcolor{candypink} $-0.22$ & \cellcolor{caribbeangreen} $0.08$ & $0.00$ & \cellcolor{candypink} $-0.12$ & \cellcolor{caribbeangreen} $1.00$ & \cellcolor{caribbeangreen} $0.08$ & $-0.01$ & $0.03$ & \cellcolor{candypink} $-0.07$ & \cellcolor{caribbeangreen} $0.22$ & \cellcolor{candypink} $-0.15$ & \cellcolor{candypink} $-0.11$ & \cellcolor{candypink} $-0.10$ & \cellcolor{caribbeangreen} $0.18$ & \cellcolor{caribbeangreen} $0.15$ & \cellcolor{caribbeangreen} $0.08$ & \cellcolor{caribbeangreen} $0.15$ & $0.00$ & $0.06$ & \cellcolor{caribbeangreen} $0.08$ & \cellcolor{caribbeangreen} $0.11$
\\
\citet{Keller2014} & 
\cellcolor{candypink} $-0.19$ & $-0.02$ & \cellcolor{candypink} $-0.21$ & \cellcolor{caribbeangreen} $0.15$ & \cellcolor{caribbeangreen} $0.35$ & \cellcolor{candypink} $-0.25$ & $0.02$ & \cellcolor{candypink} $-0.10$ & \cellcolor{caribbeangreen} $0.08$ & \cellcolor{caribbeangreen} $1.00$ & $0.01$ & \cellcolor{caribbeangreen} $0.47$ & \cellcolor{caribbeangreen} $0.26$ & \cellcolor{caribbeangreen} $0.16$ & \cellcolor{caribbeangreen} $0.29$ & \cellcolor{caribbeangreen} $0.11$ & $-0.05$ & \cellcolor{caribbeangreen} $0.08$ & \cellcolor{candypink} $-0.28$ & $0.01$ & \cellcolor{candypink} $-0.38$ & \cellcolor{candypink} $-0.30$ & \cellcolor{caribbeangreen} $0.17$ & \cellcolor{candypink} $-0.16$ & \cellcolor{candypink} $-0.32$
\\
\citet{Keller2020} & 
\cellcolor{candypink} $-0.07$ & $-0.02$ & \cellcolor{candypink} $-0.11$ & $-0.01$ & $0.04$ & $0.04$ & $-0.06$ & \cellcolor{candypink} $-0.10$ & $-0.01$ & $0.01$ & \cellcolor{caribbeangreen} $1.00$ & $-0.01$ & $-0.03$ & $0.04$ & $0.05$ & \cellcolor{candypink} $-0.14$ & \cellcolor{caribbeangreen} $0.18$ & $-0.01$ & $-0.06$ & \cellcolor{caribbeangreen} $0.11$ & $-0.02$ & $0.02$ & \cellcolor{caribbeangreen} $0.07$ & $-0.04$ & $-0.05$
\\
\citet{Leidinger2011} & 
\cellcolor{candypink} $-0.18$ & \cellcolor{caribbeangreen} $0.13$ & \cellcolor{candypink} $-0.24$ & \cellcolor{caribbeangreen} $0.24$ & \cellcolor{caribbeangreen} $0.53$ & \cellcolor{candypink} $-0.28$ & $-0.04$ & \cellcolor{candypink} $-0.14$ & $0.03$ & \cellcolor{caribbeangreen} $0.47$ & $-0.01$ & \cellcolor{caribbeangreen} $1.00$ & \cellcolor{caribbeangreen} $0.38$ & \cellcolor{caribbeangreen} $0.18$ & \cellcolor{caribbeangreen} $0.34$ & \cellcolor{caribbeangreen} $0.20$ & $-0.05$ & \cellcolor{caribbeangreen} $0.09$ & \cellcolor{candypink} $-0.39$ & \cellcolor{candypink} $-0.09$ & \cellcolor{candypink} $-0.47$ & \cellcolor{candypink} $-0.36$ & \cellcolor{caribbeangreen} $0.27$ & \cellcolor{candypink} $-0.20$ & \cellcolor{candypink} $-0.39$
\\
\citet{Leidinger2014} & 
\cellcolor{candypink} $-0.14$ & \cellcolor{caribbeangreen} $0.14$ & \cellcolor{candypink} $-0.10$ & \cellcolor{caribbeangreen} $0.21$ & \cellcolor{caribbeangreen} $0.45$ & \cellcolor{candypink} $-0.23$ & $-0.01$ & $-0.03$ & \cellcolor{candypink} $-0.07$ & \cellcolor{caribbeangreen} $0.26$ & $-0.03$ & \cellcolor{caribbeangreen} $0.38$ & \cellcolor{caribbeangreen} $1.00$ & \cellcolor{caribbeangreen} $0.13$ & \cellcolor{caribbeangreen} $0.33$ & \cellcolor{caribbeangreen} $0.21$ & $-0.02$ & $-0.00$ & \cellcolor{candypink} $-0.31$ & \cellcolor{candypink} $-0.16$ & \cellcolor{candypink} $-0.39$ & \cellcolor{candypink} $-0.28$ & \cellcolor{caribbeangreen} $0.18$ & \cellcolor{candypink} $-0.14$ & \cellcolor{candypink} $-0.36$
\\
\citet{Leidinger2016} & 
$-0.02$ & \cellcolor{candypink} $-0.07$ & $-0.06$ & $0.06$ & $0.01$ & \cellcolor{candypink} $-0.13$ & $-0.04$ & \cellcolor{candypink} $-0.11$ & \cellcolor{caribbeangreen} $0.22$ & \cellcolor{caribbeangreen} $0.16$ & $0.04$ & \cellcolor{caribbeangreen} $0.18$ & \cellcolor{caribbeangreen} $0.13$ & \cellcolor{caribbeangreen} $1.00$ & $0.02$ & $0.06$ & $-0.02$ & \cellcolor{caribbeangreen} $0.07$ & $-0.01$ & \cellcolor{candypink} $-0.10$ & $-0.02$ & \cellcolor{candypink} $-0.11$ & \cellcolor{caribbeangreen} $0.17$ & $0.03$ & \cellcolor{candypink} $-0.10$
\\
\citet{Li2017} & 
\cellcolor{candypink} $-0.31$ & \cellcolor{caribbeangreen} $0.12$ & \cellcolor{candypink} $-0.17$ & \cellcolor{caribbeangreen} $0.21$ & \cellcolor{caribbeangreen} $0.63$ & \cellcolor{candypink} $-0.27$ & \cellcolor{caribbeangreen} $0.20$ & \cellcolor{candypink} $-0.12$ & \cellcolor{candypink} $-0.15$ & \cellcolor{caribbeangreen} $0.29$ & $0.05$ & \cellcolor{caribbeangreen} $0.34$ & \cellcolor{caribbeangreen} $0.33$ & $0.02$ & \cellcolor{caribbeangreen} $1.00$ & \cellcolor{caribbeangreen} $0.23$ & $-0.00$ & $-0.03$ & \cellcolor{candypink} $-0.50$ & \cellcolor{caribbeangreen} $0.12$ & \cellcolor{candypink} $-0.65$ & \cellcolor{candypink} $-0.36$ & $0.05$ & \cellcolor{candypink} $-0.21$ & \cellcolor{candypink} $-0.42$
\\
\citet{Marzi2016} & 
\cellcolor{candypink} $-0.08$ & \cellcolor{caribbeangreen} $0.28$ & \cellcolor{caribbeangreen} $0.09$ & \cellcolor{caribbeangreen} $0.08$ & \cellcolor{caribbeangreen} $0.24$ & \cellcolor{candypink} $-0.28$ & \cellcolor{caribbeangreen} $0.12$ & $-0.00$ & \cellcolor{candypink} $-0.11$ & \cellcolor{caribbeangreen} $0.11$ & \cellcolor{candypink} $-0.14$ & \cellcolor{caribbeangreen} $0.20$ & \cellcolor{caribbeangreen} $0.21$ & $0.06$ & \cellcolor{caribbeangreen} $0.23$ & \cellcolor{caribbeangreen} $1.00$ & \cellcolor{candypink} $-0.16$ & $0.06$ & \cellcolor{candypink} $-0.22$ & \cellcolor{candypink} $-0.10$ & \cellcolor{candypink} $-0.30$ & \cellcolor{candypink} $-0.18$ & $0.01$ & $-0.01$ & \cellcolor{candypink} $-0.30$
\\
\citet{Nigita2018} & 
$0.01$ & \cellcolor{candypink} $-0.11$ & \cellcolor{candypink} $-0.13$ & $0.01$ & $0.01$ & \cellcolor{caribbeangreen} $0.17$ & $-0.04$ & $0.01$ & \cellcolor{candypink} $-0.10$ & $-0.05$ & \cellcolor{caribbeangreen} $0.18$ & $-0.05$ & $-0.02$ & $-0.02$ & $-0.00$ & \cellcolor{candypink} $-0.16$ & \cellcolor{caribbeangreen} $1.00$ & $-0.04$ & $0.01$ & \cellcolor{caribbeangreen} $0.11$ & $0.06$ & $0.05$ & $0.05$ & \cellcolor{candypink} $-0.10$ & \cellcolor{caribbeangreen} $0.13$
\\
\citet{Patnaik2012} & 
$0.05$ & $0.01$ & \cellcolor{candypink} $-0.07$ & $0.02$ & \cellcolor{candypink} $-0.08$ & $-0.01$ & $-0.05$ & \cellcolor{candypink} $-0.11$ & \cellcolor{caribbeangreen} $0.18$ & \cellcolor{caribbeangreen} $0.08$ & $-0.01$ & \cellcolor{caribbeangreen} $0.09$ & $-0.00$ & \cellcolor{caribbeangreen} $0.07$ & $-0.03$ & $0.06$ & $-0.04$ & \cellcolor{caribbeangreen} $1.00$ & $-0.01$ & $0.03$ & $0.04$ & $-0.05$ & $0.01$ & $-0.02$ & $-0.00$
\\
\citet{Patnaik2017} & 
\cellcolor{caribbeangreen} $0.25$ & \cellcolor{candypink} $-0.14$ & \cellcolor{caribbeangreen} $0.16$ & \cellcolor{candypink} $-0.31$ & \cellcolor{candypink} $-0.67$ & \cellcolor{caribbeangreen} $0.28$ & \cellcolor{candypink} $-0.10$ & \cellcolor{caribbeangreen} $0.12$ & \cellcolor{caribbeangreen} $0.15$ & \cellcolor{candypink} $-0.28$ & $-0.06$ & \cellcolor{candypink} $-0.39$ & \cellcolor{candypink} $-0.31$ & $-0.01$ & \cellcolor{candypink} $-0.50$ & \cellcolor{candypink} $-0.22$ & $0.01$ & $-0.01$ & \cellcolor{caribbeangreen} $1.00$ & $-0.02$ & \cellcolor{caribbeangreen} $0.61$ & \cellcolor{caribbeangreen} $0.36$ & \cellcolor{candypink} $-0.08$ & \cellcolor{caribbeangreen} $0.25$ & \cellcolor{caribbeangreen} $0.46$
\\
\citet{Qu2017} & 
\cellcolor{candypink} $-0.15$ & \cellcolor{candypink} $-0.23$ & \cellcolor{candypink} $-0.20$ & $-0.04$ & $0.05$ & \cellcolor{caribbeangreen} $0.15$ & \cellcolor{caribbeangreen} $0.25$ & \cellcolor{candypink} $-0.21$ & \cellcolor{caribbeangreen} $0.08$ & $0.01$ & \cellcolor{caribbeangreen} $0.11$ & \cellcolor{candypink} $-0.09$ & \cellcolor{candypink} $-0.16$ & \cellcolor{candypink} $-0.10$ & \cellcolor{caribbeangreen} $0.12$ & \cellcolor{candypink} $-0.10$ & \cellcolor{caribbeangreen} $0.11$ & $0.03$ & $-0.02$ & \cellcolor{caribbeangreen} $1.00$ & \cellcolor{candypink} $-0.13$ & \cellcolor{candypink} $-0.13$ & \cellcolor{candypink} $-0.12$ & $0.01$ & \cellcolor{caribbeangreen} $0.18$
\\
\citet{Reis2020} & 
\cellcolor{caribbeangreen} $0.38$ & \cellcolor{candypink} $-0.12$ & \cellcolor{caribbeangreen} $0.22$ & \cellcolor{candypink} $-0.29$ & \cellcolor{candypink} $-0.83$ & \cellcolor{caribbeangreen} $0.33$ & \cellcolor{candypink} $-0.21$ & \cellcolor{caribbeangreen} $0.13$ & \cellcolor{caribbeangreen} $0.15$ & \cellcolor{candypink} $-0.38$ & $-0.02$ & \cellcolor{candypink} $-0.47$ & \cellcolor{candypink} $-0.39$ & $-0.02$ & \cellcolor{candypink} $-0.65$ & \cellcolor{candypink} $-0.30$ & $0.06$ & $0.04$ & \cellcolor{caribbeangreen} $0.61$ & \cellcolor{candypink} $-0.13$ & \cellcolor{caribbeangreen} $1.00$ & \cellcolor{caribbeangreen} $0.47$ & \cellcolor{candypink} $-0.08$ & \cellcolor{caribbeangreen} $0.23$ & \cellcolor{caribbeangreen} $0.55$
\\
\citet{Wozniak2015} & 
\cellcolor{caribbeangreen} $0.23$ & $-0.00$ & \cellcolor{caribbeangreen} $0.23$ & \cellcolor{candypink} $-0.21$ & \cellcolor{candypink} $-0.45$ & \cellcolor{caribbeangreen} $0.21$ & \cellcolor{candypink} $-0.16$ & \cellcolor{caribbeangreen} $0.15$ & $0.00$ & \cellcolor{candypink} $-0.30$ & $0.02$ & \cellcolor{candypink} $-0.36$ & \cellcolor{candypink} $-0.28$ & \cellcolor{candypink} $-0.11$ & \cellcolor{candypink} $-0.36$ & \cellcolor{candypink} $-0.18$ & $0.05$ & $-0.05$ & \cellcolor{caribbeangreen} $0.36$ & \cellcolor{candypink} $-0.13$ & \cellcolor{caribbeangreen} $0.47$ & \cellcolor{caribbeangreen} $1.00$ & \cellcolor{candypink} $-0.15$ & \cellcolor{caribbeangreen} $0.10$ & \cellcolor{caribbeangreen} $0.29$
\\
\citet{Yao2019} & 
\cellcolor{candypink} $-0.07$ & $0.05$ & \cellcolor{candypink} $-0.12$ & $0.05$ & \cellcolor{caribbeangreen} $0.10$ & \cellcolor{candypink} $-0.08$ & $-0.06$ & $-0.02$ & $0.06$ & \cellcolor{caribbeangreen} $0.17$ & \cellcolor{caribbeangreen} $0.07$ & \cellcolor{caribbeangreen} $0.27$ & \cellcolor{caribbeangreen} $0.18$ & \cellcolor{caribbeangreen} $0.17$ & $0.05$ & $0.01$ & $0.05$ & $0.01$ & \cellcolor{candypink} $-0.08$ & \cellcolor{candypink} $-0.12$ & \cellcolor{candypink} $-0.08$ & \cellcolor{candypink} $-0.15$ & \cellcolor{caribbeangreen} $1.00$ & $-0.05$ & \cellcolor{candypink} $-0.15$
\\
\citet{Zaporozhchenko2018} & 
\cellcolor{caribbeangreen} $0.11$ & \cellcolor{candypink} $-0.12$ & \cellcolor{caribbeangreen} $0.20$ & \cellcolor{candypink} $-0.20$ & \cellcolor{candypink} $-0.32$ & \cellcolor{caribbeangreen} $0.09$ & \cellcolor{caribbeangreen} $0.10$ & \cellcolor{caribbeangreen} $0.13$ & \cellcolor{caribbeangreen} $0.08$ & \cellcolor{candypink} $-0.16$ & $-0.04$ & \cellcolor{candypink} $-0.20$ & \cellcolor{candypink} $-0.14$ & $0.03$ & \cellcolor{candypink} $-0.21$ & $-0.01$ & \cellcolor{candypink} $-0.10$ & $-0.02$ & \cellcolor{caribbeangreen} $0.25$ & $0.01$ & \cellcolor{caribbeangreen} $0.23$ & \cellcolor{caribbeangreen} $0.10$ & $-0.05$ & \cellcolor{caribbeangreen} $1.00$ & \cellcolor{caribbeangreen} $0.15$
\\
Case status & 
\cellcolor{caribbeangreen} $0.17$ & \cellcolor{candypink} $-0.18$ & $0.04$ & \cellcolor{candypink} $-0.22$ & \cellcolor{candypink} $-0.55$ & \cellcolor{caribbeangreen} $0.41$ & \cellcolor{candypink} $-0.07$ & $-0.02$ & \cellcolor{caribbeangreen} $0.11$ & \cellcolor{candypink} $-0.32$ & $-0.05$ & \cellcolor{candypink} $-0.39$ & \cellcolor{candypink} $-0.36$ & \cellcolor{candypink} $-0.10$ & \cellcolor{candypink} $-0.42$ & \cellcolor{candypink} $-0.30$ & \cellcolor{caribbeangreen} $0.13$ & $-0.00$ & \cellcolor{caribbeangreen} $0.46$ & \cellcolor{caribbeangreen} $0.18$ & \cellcolor{caribbeangreen} $0.55$ & \cellcolor{caribbeangreen} $0.29$ & \cellcolor{candypink} $-0.15$ & \cellcolor{caribbeangreen} $0.15$ & \cellcolor{caribbeangreen} $1.00$
\\
\end{tabular}}
