\resizebox{\textwidth}{!}{
\begin{tabular}{r*{\studylen}{c}} & 
\rotatebox{90}{\citet{Asakura2020}} & \rotatebox{90}{\citet{Bianchi2011}} & \rotatebox{90}{\citet{Boeri2011}} & \rotatebox{90}{\citet{Chen2019}} & \rotatebox{90}{\citet{Duan2021}} & \rotatebox{90}{\citet{Fehlmann2020}} & \rotatebox{90}{\citet{Halvorsen2016}} & \rotatebox{90}{\citet{Jin2017}} & \rotatebox{90}{\citet{Keller2009}} & \rotatebox{90}{\citet{Keller2014}} & \rotatebox{90}{\citet{Keller2020}} & \rotatebox{90}{\citet{Kryczka2021}} & \rotatebox{90}{\citet{Leidinger2011}} & \rotatebox{90}{\citet{Leidinger2014}} & \rotatebox{90}{\citet{Leidinger2016}} & \rotatebox{90}{\citet{Li2017}} & \rotatebox{90}{\citet{Marzi2016}} & \rotatebox{90}{\citet{Nigita2018}} & \rotatebox{90}{\citet{Patnaik2012}} & \rotatebox{90}{\citet{Patnaik2017}} & \rotatebox{90}{\citet{Qu2017}} & \rotatebox{90}{\citet{Reis2020}} & \rotatebox{90}{\citet{Wozniak2015}} & \rotatebox{90}{\citet{Yao2019}} & \rotatebox{90}{\citet{Zaporozhchenko2018}}
\\\hline
\citet{Asakura2020} & 
* & -0.13 & 0.09 & 0.03 & -0.08 & -0.12 & 0.09 & -0.11 & -0.01 & 0.19 & -0.12 & * & -0.13 & -0.09 & 0.12 & 0.16 & 0.18 & 0.09 & -0.07 & -0.01 & -0.09 & -0.09 & 0.15 & 0.00 & -0.01
\\
\citet{Bianchi2011} & 
-0.13 & * & -0.26 & 0.03 & * & 0.24 & 0.21 & 0.24 & 0.42 & -0.28 & * & * & 0.35 & 0.04 & -0.28 & * & -0.71 & 0.31 & 0.14 & 0.09 & * & 0.00 & -0.49 & 0.25 & *
\\
\citet{Boeri2011} & 
0.09 & -0.26 & * & 0.31 & -0.04 & -0.05 & -0.06 & -0.00 & -0.18 & -0.01 & 0.31 & * & -0.02 & 0.09 & 0.00 & 0.51 & 0.25 & 0.11 & -0.27 & 0.03 & 0.56 & 0.04 & -0.04 & 0.22 & 0.13
\\
\citet{Chen2019} & 
0.03 & 0.03 & 0.31 & * & 0.11 & -0.35 & -0.24 & -0.07 & -0.22 & 0.05 & 0.18 & * & -0.00 & 0.05 & 0.37 & 0.00 & -0.20 & 0.03 & -0.19 & -0.00 & -0.17 & -0.11 & 0.10 & 0.20 & 0.28
\\
\citet{Duan2021} & 
-0.08 & * & -0.04 & 0.11 & * & 0.00 & 0.16 & 0.00 & 0.04 & -0.16 & 0.20 & * & 0.03 & 0.00 & -0.12 & -0.17 & * & 0.25 & -0.09 & -0.03 & -0.04 & 0.11 & 0.06 & 0.15 & -0.43
\\
\citet{Fehlmann2020} & 
-0.12 & 0.24 & -0.05 & -0.35 & 0.00 & * & -0.17 & 0.00 & 0.24 & -0.36 & 0.01 & * & 0.25 & 0.07 & -0.56 & -0.38 & 0.36 & -0.13 & 0.32 & 0.09 & 0.36 & 0.31 & -0.19 & 0.14 & -0.07
\\
\citet{Halvorsen2016} & 
0.09 & 0.21 & -0.06 & -0.24 & 0.16 & -0.17 & * & 0.12 & 0.10 & 0.11 & 0.35 & * & -0.14 & -0.07 & 0.24 & -0.04 & 0.28 & -0.17 & -0.07 & 0.05 & -0.32 & -0.08 & 0.01 & -0.11 & -0.00
\\
\citet{Jin2017} & 
-0.11 & 0.24 & -0.00 & -0.07 & 0.00 & 0.00 & 0.12 & * & 0.07 & 0.05 & 0.40 & * & -0.03 & 0.03 & 0.00 & 0.03 & -0.24 & -0.01 & -0.19 & -0.06 & -0.11 & -0.13 & 0.03 & 0.08 & -0.22
\\
\citet{Keller2009} & 
-0.01 & 0.42 & -0.18 & -0.22 & 0.04 & 0.24 & 0.10 & 0.07 & * & -0.33 & -0.07 & * & 0.30 & -0.04 & -0.55 & -0.16 & -0.07 & -0.09 & 0.13 & 0.12 & 0.04 & 0.09 & -0.09 & 0.01 & 0.05
\\
\citet{Keller2014} & 
0.19 & -0.28 & -0.01 & 0.05 & -0.16 & -0.36 & 0.11 & 0.05 & -0.33 & * & 0.11 & * & -0.56 & 0.03 & 0.53 & 0.14 & -0.03 & 0.11 & -0.09 & -0.08 & -0.09 & 0.01 & 0.01 & -0.16 & 0.03
\\
\citet{Keller2020} & 
-0.12 & * & 0.31 & 0.18 & 0.20 & 0.01 & 0.35 & 0.40 & -0.07 & 0.11 & * & * & -0.00 & 0.09 & -0.18 & -0.02 & * & -0.20 & 0.12 & -0.05 & -0.01 & 0.19 & -0.16 & 0.21 & -0.33
\\
\citet{Kryczka2021} & 
* & * & * & * & * & * & * & * & * & * & * & * & * & * & * & * & * & * & * & * & * & * & * & * & *
\\
\citet{Leidinger2011} & 
-0.13 & 0.35 & -0.02 & -0.00 & 0.03 & 0.25 & -0.14 & -0.03 & 0.30 & -0.56 & -0.00 & * & * & -0.14 & -0.43 & -0.02 & -0.13 & -0.01 & 0.01 & 0.03 & 0.19 & -0.06 & 0.04 & 0.11 & -0.04
\\
\citet{Leidinger2014} & 
-0.09 & 0.04 & 0.09 & 0.05 & 0.00 & 0.07 & -0.07 & 0.03 & -0.04 & 0.03 & 0.09 & * & -0.14 & * & 0.38 & 0.10 & -0.47 & -0.15 & -0.01 & 0.02 & 0.22 & 0.05 & 0.09 & -0.08 & 0.33
\\
\citet{Leidinger2016} & 
0.12 & -0.28 & 0.00 & 0.37 & -0.12 & -0.56 & 0.24 & 0.00 & -0.55 & 0.53 & -0.18 & * & -0.43 & 0.38 & * & 0.31 & 0.24 & 0.12 & -0.40 & -0.15 & -0.01 & -0.39 & 0.22 & -0.21 & 0.18
\\
\citet{Li2017} & 
0.16 & * & 0.51 & 0.00 & -0.17 & -0.38 & -0.04 & 0.03 & -0.16 & 0.14 & -0.02 & * & -0.02 & 0.10 & 0.31 & * & * & -0.14 & -0.09 & 0.08 & -0.06 & -0.19 & 0.24 & -0.00 & *
\\
\citet{Marzi2016} & 
0.18 & -0.71 & 0.25 & -0.20 & * & 0.36 & 0.28 & -0.24 & -0.07 & -0.03 & * & * & -0.13 & -0.47 & 0.24 & * & * & * & 0.18 & -0.21 & * & 0.42 & 0.01 & 0.32 & *
\\
\citet{Nigita2018} & 
0.09 & 0.31 & 0.11 & 0.03 & 0.25 & -0.13 & -0.17 & -0.01 & -0.09 & 0.11 & -0.20 & * & -0.01 & -0.15 & 0.12 & -0.14 & * & * & -0.03 & -0.19 & 0.10 & -0.00 & -0.15 & 0.08 & 0.01
\\
\citet{Patnaik2012} & 
-0.07 & 0.14 & -0.27 & -0.19 & -0.09 & 0.32 & -0.07 & -0.19 & 0.13 & -0.09 & 0.12 & * & 0.01 & -0.01 & -0.40 & -0.09 & 0.18 & -0.03 & * & -0.12 & 0.54 & 0.24 & -0.31 & -0.24 & -0.08
\\
\citet{Patnaik2017} & 
-0.01 & 0.09 & 0.03 & -0.00 & -0.03 & 0.09 & 0.05 & -0.06 & 0.12 & -0.08 & -0.05 & * & 0.03 & 0.02 & -0.15 & 0.08 & -0.21 & -0.19 & -0.12 & * & -0.00 & -0.05 & 0.02 & -0.09 & -0.07
\\
\citet{Qu2017} & 
-0.09 & * & 0.56 & -0.17 & -0.04 & 0.36 & -0.32 & -0.11 & 0.04 & -0.09 & -0.01 & * & 0.19 & 0.22 & -0.01 & -0.06 & * & 0.10 & 0.54 & -0.00 & * & 0.43 & -0.51 & 0.22 & *
\\
\citet{Reis2020} & 
-0.09 & 0.00 & 0.04 & -0.11 & 0.11 & 0.31 & -0.08 & -0.13 & 0.09 & 0.01 & 0.19 & * & -0.06 & 0.05 & -0.39 & -0.19 & 0.42 & -0.00 & 0.24 & -0.05 & 0.43 & * & -0.34 & 0.20 & -0.18
\\
\citet{Wozniak2015} & 
0.15 & -0.49 & -0.04 & 0.10 & 0.06 & -0.19 & 0.01 & 0.03 & -0.09 & 0.01 & -0.16 & * & 0.04 & 0.09 & 0.22 & 0.24 & 0.01 & -0.15 & -0.31 & 0.02 & -0.51 & -0.34 & * & -0.05 & 0.09
\\
\citet{Yao2019} & 
0.00 & 0.25 & 0.22 & 0.20 & 0.15 & 0.14 & -0.11 & 0.08 & 0.01 & -0.16 & 0.21 & * & 0.11 & -0.08 & -0.21 & -0.00 & 0.32 & 0.08 & -0.24 & -0.09 & 0.22 & 0.20 & -0.05 & * & -0.07
\\
\citet{Zaporozhchenko2018} & 
-0.01 & * & 0.13 & 0.28 & -0.43 & -0.07 & -0.00 & -0.22 & 0.05 & 0.03 & -0.33 & * & -0.04 & 0.33 & 0.18 & * & * & 0.01 & -0.08 & -0.07 & * & -0.18 & 0.09 & -0.07 & *
\\
\end{tabular}}
