\resizebox{\textwidth}{!}{
\begin{tabular}{r*{\studylen}{c}} & 
\rotatebox{90}{\citet{Asakura2020}} & \rotatebox{90}{\citet{Bianchi2011}} & \rotatebox{90}{\citet{Boeri2011}} & \rotatebox{90}{\citet{Chen2019}} & \rotatebox{90}{\citet{Duan2021}} & \rotatebox{90}{\citet{Fehlmann2020}} & \rotatebox{90}{\citet{Halvorsen2016}} & \rotatebox{90}{\citet{Jin2017}} & \rotatebox{90}{\citet{Keller2009}} & \rotatebox{90}{\citet{Keller2014}} & \rotatebox{90}{\citet{Keller2020}} & \rotatebox{90}{\citet{Kryczka2021}} & \rotatebox{90}{\citet{Leidinger2011}} & \rotatebox{90}{\citet{Leidinger2014}} & \rotatebox{90}{\citet{Leidinger2016}} & \rotatebox{90}{\citet{Li2017}} & \rotatebox{90}{\citet{Marzi2016}} & \rotatebox{90}{\citet{Nigita2018}} & \rotatebox{90}{\citet{Patnaik2012}} & \rotatebox{90}{\citet{Patnaik2017}} & \rotatebox{90}{\citet{Qu2017}} & \rotatebox{90}{\citet{Reis2020}} & \rotatebox{90}{\citet{Wozniak2015}} & \rotatebox{90}{\citet{Yao2019}} & \rotatebox{90}{\citet{Zaporozhchenko2018}}
\\\hline
\citet{Asakura2020} & 
* & 0.51 & 0.34 & 0.27 & 0.78 & 0.77 & 0.76 & 0.60 & 0.72 & 0.74 & 0.24 & * & 0.34 & 0.31 & 0.67 & 0.21 & 0.59 & 0.36 & 0.32 & 0.81 & 0.46 & 0.83 & 0.66 & 0.53 & 0.69
\\
\citet{Bianchi2011} & 
0.33 & * & 0.47 & 0.52 & * & 0.67 & 0.61 & 0.52 & 0.68 & 0.37 & * & * & 0.75 & 0.46 & 0.57 & * & 0.38 & 0.72 & 0.49 & 0.72 & * & 0.44 & 0.35 & 0.66 & *
\\
\citet{Boeri2011} & 
0.69 & 0.20 & * & 0.52 & 0.48 & 0.14 & 0.37 & 0.40 & 0.39 & 0.35 & 0.59 & * & 0.44 & 0.72 & 0.31 & 0.76 & 0.71 & 0.70 & 0.45 & 0.55 & 0.60 & 0.43 & 0.31 & 0.62 & 0.48
\\
\citet{Chen2019} & 
0.28 & 0.53 & 0.63 & * & 0.64 & 0.32 & 0.34 & 0.47 & 0.48 & 0.36 & 0.52 & * & 0.61 & 0.55 & 0.49 & 0.45 & 0.41 & 0.58 & 0.53 & 0.25 & 0.46 & 0.41 & 0.37 & 0.61 & 0.54
\\
\citet{Duan2021} & 
0.66 & * & 0.58 & 0.22 & * & 0.19 & 0.66 & 0.88 & 0.38 & 0.30 & 0.80 & * & 0.5 & 0.80 & 0.33 & 0.05 & * & 0.58 & 0.02 & 0.83 & 0 & 0.88 & 0.61 & 0.94 & 0.27
\\
\citet{Fehlmann2020} & 
0.65 & 0.42 & 0.52 & 0.36 & 0.49 & * & 0.38 & 0.43 & 0.63 & 0.34 & 0.59 & * & 0.62 & 0.58 & 0.43 & 0.44 & 0.69 & 0.46 & 0.63 & 0.67 & 0.58 & 0.54 & 0.41 & 0.57 & 0.47
\\
\citet{Halvorsen2016} & 
0.73 & 0.67 & 0.56 & 0.20 & 0.64 & 0.60 & * & 0.70 & 0.52 & 0.89 & 0.69 & * & 0.40 & 0.49 & 0.83 & 0.24 & 0.59 & 0.16 & 0.79 & 0.53 & 0.30 & 0.39 & 0.59 & 0.33 & 0.29
\\
\citet{Jin2017} & 
0.31 & 0.53 & 0.35 & 0.59 & 0.65 & 0.32 & 0.90 & * & 0.57 & 0.49 & 0.72 & * & 0.41 & 0.42 & 0.87 & 0.49 & 0.25 & 0.46 & 0.06 & 0.35 & 0.16 & 0.35 & 0.24 & 0.69 & 0.45
\\
\citet{Keller2009} & 
0.40 & 0.50 & 0.37 & 0.43 & 0.72 & 0.79 & 0.74 & 0.62 & * & 0.05 & 0.27 & * & 0.97 & 0.53 & 0.14 & 0.24 & 0.57 & 0.24 & 0.57 & 0.61 & 0.48 & 0.85 & 0.47 & 0.65 & 0.49
\\
\citet{Keller2014} & 
0.71 & 0.44 & 0.35 & 0.44 & 0.41 & 0.42 & 0.56 & 0.57 & 0.13 & * & 0.76 & * & 0.19 & 0.39 & 0.55 & 0.61 & 0.45 & 0.56 & 0.35 & 0.28 & 0.54 & 0.36 & 0.73 & 0.31 & 0.48
\\
\citet{Keller2020} & 
0.35 & * & 0.52 & 0.45 & 0.62 & 0.28 & 0.62 & 0.77 & 0.19 & 0.83 & * & * & 0.38 & 0.74 & 0.40 & 0.53 & * & 0.57 & 0.49 & 0.38 & 0.35 & 0.20 & 0.38 & 0.69 & 0.29
\\
\citet{Kryczka2021} & 
* & * & * & * & * & * & * & * & * & * & * & * & * & * & * & * & * & * & * & * & * & * & * & * & *
\\
\citet{Leidinger2011} & 
0.36 & 0.43 & 0.58 & 0.53 & 0.55 & 0.66 & 0.41 & 0.57 & 0.77 & 0.13 & 0.55 & * & * & 0.39 & 0.45 & 0.42 & 0.53 & 0.60 & 0.51 & 0.51 & 0.55 & 0.70 & 0.30 & 0.56 & 0.62
\\
\citet{Leidinger2014} & 
0.54 & 0.50 & 0.55 & 0.52 & 0.53 & 0.37 & 0.42 & 0.55 & 0.48 & 0.51 & 0.51 & * & 0.48 & * & 0.47 & 0.55 & 0.46 & 0.49 & 0.51 & 0.55 & 0.51 & 0.51 & 0.52 & 0.50 & 0.51
\\
\citet{Leidinger2016} & 
0.54 & 0.27 & 0.30 & 0.65 & 0.55 & 0.44 & 0.73 & 0.71 & 0.25 & 0.71 & 0.30 & * & 0.35 & 0.43 & * & 0.35 & 0.55 & 0.38 & 0.27 & 0.57 & 0.27 & 0.57 & 0.76 & 0.59 & 0.75
\\
\citet{Li2017} & 
0.66 & * & 0.88 & 0.22 & 0.22 & 0.5 & 0.33 & 0.5 & 0.33 & 0.55 & 0.66 & * & 0.5 & 0.61 & 0.33 & * & * & 0.61 & 0.88 & 0.72 & 0.88 & 0.16 & 0.5 & 0.38 & *
\\
\citet{Marzi2016} & 
0.78 & 0.21 & 0.71 & 0.47 & * & 0.57 & 0.53 & 0.33 & 0.63 & 0.41 & * & * & 0.30 & 0.78 & 0.79 & * & * & * & 0.60 & 0.34 & * & 0.81 & 0.63 & 0.86 & *
\\
\citet{Nigita2018} & 
0.46 & 0.54 & 0.69 & 0.62 & 0.42 & 0.19 & 0.31 & 0.41 & 0.19 & 0.75 & 0.57 & * & 0.57 & 0.30 & 0.45 & 0.63 & * & * & 0.54 & 0.45 & 0.68 & 0.30 & 0.25 & 0.59 & 0.24
\\
\citet{Patnaik2012} & 
0.56 & 0.32 & 0.29 & 0.28 & 0.22 & 0.62 & 0.37 & 0.13 & 0.68 & 0.19 & 0.60 & * & 0.60 & 0.54 & 0.39 & 0.76 & 0.51 & 0.51 & * & 0.38 & 0.81 & 0.35 & 0.19 & 0.14 & 0.38
\\
\citet{Patnaik2017} & 
0.51 & 0.47 & 0.48 & 0.42 & 0.48 & 0.51 & 0.53 & 0.46 & 0.56 & 0.46 & 0.39 & * & 0.51 & 0.54 & 0.46 & 0.56 & 0.52 & 0.41 & 0.43 & * & 0.46 & 0.44 & 0.51 & 0.44 & 0.51
\\
\citet{Qu2017} & 
1 & * & 1 & 0.16 & 0.33 & 0.52 & 0.19 & 0.22 & 0.58 & 0.63 & 0.80 & * & 0.94 & 0.44 & 0.25 & 0.61 & * & 0.55 & 0.77 & 0.63 & * & 0.5 & 0.22 & 0.19 & *
\\
\citet{Reis2020} & 
0.84 & 0.75 & 0.24 & 0.46 & 0.92 & 0.47 & 0.34 & 0.50 & 0.97 & 0.10 & 0.41 & * & 0.93 & 0.80 & 0.19 & 0.04 & 0.79 & 0.05 & 0.88 & 0.75 & 0.60 & * & 0.34 & 0.89 & 0.57
\\
\citet{Wozniak2015} & 
0.42 & 0.51 & 0.48 & 0.58 & 0.57 & 0.44 & 0.56 & 0.56 & 0.46 & 0.57 & 0.39 & * & 0.50 & 0.56 & 0.50 & 0.53 & 0.46 & 0.43 & 0.40 & 0.44 & 0.35 & 0.52 & * & 0.49 & 0.54
\\
\citet{Yao2019} & 
0.88 & 0.4 & 0.56 & 0.64 & 0.72 & 0.56 & 0.24 & 0.76 & 0.6 & 0.04 & 0.36 & * & 0.72 & 0.24 & 0.2 & 0.48 & 0.72 & 0.68 & 0.12 & 0.6 & 0.68 & 0.72 & 0.76 & * & 0.16
\\
\citet{Zaporozhchenko2018} & 
0.47 & * & 0.51 & 0.75 & 0.37 & 0.6 & 0.53 & 0.44 & 0.68 & 0.72 & 0.32 & * & 0.64 & 0.61 & 0.60 & * & * & 0.38 & 0.27 & 0.51 & * & 0.60 & 0.7 & 0.39 & *
\\
\end{tabular}}
